<?xml version="1.0" encoding="UTF-8"?>
<!-- Generated by org.testng.reporters.JUnitReportReporter -->
<testsuite hostname="MacBookAir" failures="0" tests="4" name="com.testng.PracticeTestng" time="0.033" errors="0" timestamp="2025-09-05T09:31:21 EDT" skipped="0">
  <testcase classname="com.testng.PracticeTestng" name="getSearch" time="0.024"/>
  <testcase classname="com.testng.PracticeTestng" name="getCart" time="0.004"/>
  <testcase classname="com.testng.PracticeTestng" name="getPayment" time="0.003"/>
  <testcase classname="com.testng.PracticeTestng" name="getRturn" time="0.002"/>
</testsuite> <!-- com.testng.PracticeTestng -->
