<?xml version="1.0" encoding="UTF-8"?>
<!-- Generated by org.testng.reporters.JUnitReportReporter -->
<testsuite hostname="MacBookAir" failures="0" tests="1" name="com.testng.AutomationExcerciseLogout" time="65.016" errors="0" timestamp="2025-09-11T08:38:00 EDT" skipped="0">
  <testcase classname="com.testng.AutomationExcerciseLogout" name="getLogout" time="65.016"/>
</testsuite> <!-- com.testng.AutomationExcerciseLogout -->
