<?xml version="1.0" encoding="UTF-8"?>
<!-- Generated by org.testng.reporters.JUnitReportReporter -->
<testsuite hostname="MacBookAir" failures="0" tests="1" name="com.testng.PracticeTestNGReport" time="75.026" errors="0" timestamp="2025-09-10T08:27:41 EDT" skipped="0">
  <testcase classname="com.testng.PracticeTestNGReport" name="getLogin" time="75.026"/>
</testsuite> <!-- com.testng.PracticeTestNGReport -->
