<?xml version="1.0" encoding="UTF-8"?>
<!-- Generated by org.testng.reporters.JUnitReportReporter -->
<testsuite hostname="MacBookAir" failures="0" tests="1" name="com.testng.PracticeDropDown" time="101.694" errors="0" timestamp="2025-09-08T08:59:00 EDT" skipped="0">
  <testcase classname="com.testng.PracticeDropDown" name="getDropDown" time="101.694"/>
</testsuite> <!-- com.testng.PracticeDropDown -->
