<?xml version="1.0" encoding="UTF-8"?>
<!-- Generated by org.testng.reporters.JUnitReportReporter -->
<testsuite hostname="MacBookAir" failures="0" tests="1" name="com.testng.CrossBrowserTestingWithTestNG" time="66.116" errors="0" timestamp="2025-09-08T09:51:30 EDT" skipped="0">
  <testcase classname="com.testng.CrossBrowserTestingWithTestNG" name="getCrossBrowser" time="66.116"/>
</testsuite> <!-- com.testng.CrossBrowserTestingWithTestNG -->
