<?xml version="1.0" encoding="UTF-8"?>
<!-- Generated by org.testng.reporters.JUnitReportReporter -->
<testsuite hostname="MacBookAir" failures="0" tests="5" name="com.runner.LoginRunner" time="0.233" errors="0" timestamp="2025-09-19T08:43:53 EDT" skipped="0">
  <testcase classname="com.runner.LoginRunner" name="runScenario" time="0.024"/>
  <testcase classname="com.runner.LoginRunner" name="runScenario" time="0.119"/>
  <testcase classname="com.runner.LoginRunner" name="runScenario" time="0.026"/>
  <testcase classname="com.runner.LoginRunner" name="runScenario" time="0.020"/>
  <testcase classname="com.runner.LoginRunner" name="runScenario" time="0.044"/>
</testsuite> <!-- com.runner.LoginRunner -->
