<?xml version="1.0" encoding="UTF-8"?>
<!-- Generated by org.testng.reporters.JUnitReportReporter -->
<testsuite hostname="MacBookAir" failures="0" tests="1" name="com.testng.TestNGParameter" time="0.026" errors="0" timestamp="2025-09-05T09:44:06 EDT" skipped="0">
  <testcase classname="com.testng.TestNGParameter" name="getMoney" time="0.026"/>
</testsuite> <!-- com.testng.TestNGParameter -->
