<?xml version="1.0" encoding="UTF-8"?>
<!-- Generated by org.testng.reporters.JUnitReportReporter -->
<testsuite hostname="MacBookAir" failures="0" tests="1" name="com.testng.PracticeTestAnnotation" time="0.024" errors="0" timestamp="2025-09-05T08:34:30 EDT" skipped="0">
  <testcase classname="com.testng.PracticeTestAnnotation" name="getTest" time="0.024"/>
</testsuite> <!-- com.testng.PracticeTestAnnotation -->
