<?xml version="1.0" encoding="UTF-8"?>
<!-- Generated by org.testng.reporters.JUnitReportReporter -->
<testsuite hostname="MacBookAir" failures="0" tests="5" name="com.runner.LoginRunner" time="0.064" errors="0" timestamp="19 Sep 2025 13:18:28 GMT" skipped="0">
  <testcase classname="com.runner.LoginRunner" name="runScenario" time="0.033"/>
  <testcase classname="com.runner.LoginRunner" name="runScenario" time="0.011"/>
  <testcase classname="com.runner.LoginRunner" name="runScenario" time="0.010"/>
  <testcase classname="com.runner.LoginRunner" name="runScenario" time="0.005"/>
  <testcase classname="com.runner.LoginRunner" name="runScenario" time="0.005"/>
</testsuite> <!-- com.runner.LoginRunner -->
